/usr/bin/bash: /home/dongwoo44/miniconda3/lib/libtinfo.so.6: no version information available (required by /usr/bin/bash)
/home/dongwoo44/miniconda3/envs/paper_env/lib/python3.10/site-packages/huggingface_hub/utils/_validators.py:206: UserWarning: The `local_dir_use_symlinks` argument is deprecated and ignored in `hf_hub_download`. Downloading to a local directory does not use symlinks anymore.
  warnings.warn(

Loading pipeline components...:   0%|          | 0/7 [00:00<?, ?it/s]
Loading pipeline components...:  43%|████▎     | 3/7 [00:00<00:00, 15.46it/s]

Loading weights:   0%|          | 0/196 [00:00<?, ?it/s][A
Loading weights: 100%|██████████| 196/196 [00:00<00:00, 11135.57it/s]

Loading pipeline components...:  71%|███████▏  | 5/7 [00:00<00:00, 11.11it/s]

Loading weights:   0%|          | 0/517 [00:00<?, ?it/s][A
Loading weights: 100%|██████████| 517/517 [00:00<00:00, 9774.11it/s]

Loading pipeline components...: 100%|██████████| 7/7 [00:00<00:00, 12.25it/s]
Loading pipeline components...: 100%|██████████| 7/7 [00:00<00:00, 12.35it/s]
[Phase 64 Backbone] stage=4  device=cuda  seed=42
[Phase 64 Backbone] Stage 1 ckpt: checkpoints/phase64/p64_stage1/best_scene_prior.pt
[Phase 64 Backbone] Loading dataset from toy/data_objaverse...
ObjaverseTrainDataset: 180 samples (data_root=toy/data_objaverse)
  dataset size: 180
  train=145  val=35

[Phase 64 Backbone] Stage 4 — SDXL transfer adapter training...
[Phase 64 Backbone] Loading SDXL pipeline...
[Phase 64 Backbone] SDXL pipeline loaded on cuda
[stage4] Loaded scene prior from checkpoints/phase64/p64_stage1/best_scene_prior.pt
[Phase 64 Backbone] Starting SDXL adapter from scratch.
[stage4] Training SDXL adapter  epochs=20  steps/epoch=30
  [sdxl epoch 1] loss=nan
  [sdxl epoch 2] loss=nan
  [sdxl epoch 3] loss=nan
  [sdxl epoch 4] loss=nan
  [sdxl epoch 5] loss=nan
  [sdxl epoch 6] loss=nan
  [sdxl epoch 7] loss=nan
  [sdxl epoch 8] loss=nan
  [sdxl epoch 9] loss=nan
  [sdxl epoch 10] loss=nan
  [sdxl epoch 11] loss=nan
  [sdxl epoch 12] loss=nan
  [sdxl epoch 13] loss=nan
  [sdxl epoch 14] loss=nan
  [sdxl epoch 15] loss=nan
  [sdxl epoch 16] loss=nan
  [sdxl epoch 17] loss=nan
  [sdxl epoch 18] loss=nan
  [sdxl epoch 19] loss=nan
  [sdxl epoch 20] loss=nan
[stage4] SDXL adapter saved → checkpoints/phase64/p64_stage4_sdxl/sdxl_adapter.pt
[stage4] Transfer eval saved → checkpoints/phase64/p64_stage4_sdxl/transfer_eval.json

============================================================
Stage 4 Transfer Evaluation Summary
============================================================
  visible_iou_min                           baseline=0.0233  guided=0.3735  Δ=+0.3501
  visible_survival_min                      baseline=1.0000  guided=0.7429  Δ=-0.2571
  chimera_rate                              baseline=0.0000  guided=0.2857  Δ=+0.2857
============================================================
