[Phase 64 Scene] device=cuda  seed=42
[Phase 64 Scene] Loading dataset from toy/data_objaverse...
ObjaverseTrainDataset: 180 samples (data_root=toy/data_objaverse)
  dataset size: 180
  train=145  val=35  O=171  C=9  R=0  X=0

[Phase 64 Stage 0] Running dataset validation...
[stage0] Stats saved → outputs/phase64/stage0/dataset_stats.json
[stage0] Histogram saved → outputs/phase64/stage0/histograms.png
============================================================
Phase 64 — Stage 0 Dataset Validation  (n=180)
============================================================
  Visible coverage e0: mean=0.0270  std=0.0195
  Visible coverage e1: mean=0.0288  std=0.0298
  Hidden fraction e0:  mean=0.0167  std=0.0839
  Hidden fraction e1:  mean=0.0113  std=0.0699
  Overlap IoU:         mean=0.0141  std=0.0511
  Depth gap (std):     mean=0.1535  std=0.0744
  Mean GT objects/frame: 1.494
    count=0: 27 frames
    count=1: 37 frames
    count=2: 116 frames
    count=3: 0 frames
  Split breakdown:
    O: 171  (47.5%)
    C: 9  (2.5%)
    R: 0  (0.0%)
    X: 0  (0.0%)
    train: 145  (40.3%)
    val: 35  (9.7%)
============================================================
[Phase 64 Stage 0] Stats saved. oracle_amo_iou=0.0000

[Phase 64 Stage 1] Building Stage1Trainer...
[Phase 64 Stage 1] Starting from scratch.
[stage1] Training  epochs=60  steps/epoch=30  n_train=145
  epoch 1/60  step 6/30  loss=44.1717
  epoch 1/60  step 12/30  loss=43.5616
  epoch 1/60  step 18/30  loss=30.2842
  epoch 1/60  step 24/30  loss=24.5555
  epoch 1/60  step 30/30  loss=20.2640
[epoch 1] loss=30.8836  vis_iou_e0=0.0505  vis_iou_e1=0.0269
  epoch 2/60  step 6/30  loss=16.2990
  epoch 2/60  step 12/30  loss=17.3043
  epoch 2/60  step 18/30  loss=18.0411
  epoch 2/60  step 24/30  loss=18.5659
  epoch 2/60  step 30/30  loss=15.8295
[epoch 2] loss=16.8372  vis_iou_e0=0.0576  vis_iou_e1=0.0467
  epoch 3/60  step 6/30  loss=15.8907
  epoch 3/60  step 12/30  loss=14.0889
  epoch 3/60  step 18/30  loss=12.5485
  epoch 3/60  step 24/30  loss=13.1419
  epoch 3/60  step 30/30  loss=14.7349
[epoch 3] loss=13.8279  vis_iou_e0=0.0682  vis_iou_e1=0.0613
  epoch 4/60  step 6/30  loss=11.3438
  epoch 4/60  step 12/30  loss=14.8575
  epoch 4/60  step 18/30  loss=14.8587
  epoch 4/60  step 24/30  loss=11.8864
  epoch 4/60  step 30/30  loss=15.1765
[epoch 4] loss=14.4829  vis_iou_e0=0.1356  vis_iou_e1=0.1015
  epoch 5/60  step 6/30  loss=17.1677
  epoch 5/60  step 12/30  loss=16.3256
  epoch 5/60  step 18/30  loss=16.7568
  epoch 5/60  step 24/30  loss=14.2921
  epoch 5/60  step 30/30  loss=14.1613
[epoch 5] loss=15.4871  vis_iou_e0=0.2841  vis_iou_e1=0.1440
  [val epoch 5] vis_iou_min=0.1969  amo_iou_min=0.1967  surv_min=0.7429
  [val] New best vis_iou_min=0.1969 → saved to checkpoints/phase64/p64_stage1/best_scene_prior.pt
  epoch 6/60  step 6/30  loss=14.7020
  epoch 6/60  step 12/30  loss=12.9994
  epoch 6/60  step 18/30  loss=13.6540
  epoch 6/60  step 24/30  loss=14.1658
  epoch 6/60  step 30/30  loss=14.0785
[epoch 6] loss=13.7718  vis_iou_e0=0.2690  vis_iou_e1=0.1968
  epoch 7/60  step 6/30  loss=14.7424
  epoch 7/60  step 12/30  loss=14.8142
  epoch 7/60  step 18/30  loss=15.1927
  epoch 7/60  step 24/30  loss=14.5343
  epoch 7/60  step 30/30  loss=12.8447
[epoch 7] loss=13.8827  vis_iou_e0=0.3014  vis_iou_e1=0.2144
  epoch 8/60  step 6/30  loss=13.7158
  epoch 8/60  step 12/30  loss=12.7972
  epoch 8/60  step 18/30  loss=12.6208
  epoch 8/60  step 24/30  loss=11.8701
  epoch 8/60  step 30/30  loss=12.4303
[epoch 8] loss=12.5506  vis_iou_e0=0.3033  vis_iou_e1=0.2986
  epoch 9/60  step 6/30  loss=10.1733
  epoch 9/60  step 12/30  loss=14.6560
  epoch 9/60  step 18/30  loss=14.7566
  epoch 9/60  step 24/30  loss=13.7598
  epoch 9/60  step 30/30  loss=12.5143
[epoch 9] loss=13.5934  vis_iou_e0=0.2976  vis_iou_e1=0.2333
  epoch 10/60  step 6/30  loss=12.3903
  epoch 10/60  step 12/30  loss=11.9781
  epoch 10/60  step 18/30  loss=14.0999
  epoch 10/60  step 24/30  loss=14.5593
  epoch 10/60  step 30/30  loss=13.7668
[epoch 10] loss=13.4052  vis_iou_e0=0.3872  vis_iou_e1=0.2954
  [val epoch 10] vis_iou_min=0.2795  amo_iou_min=0.2790  surv_min=0.6571
  [val] New best vis_iou_min=0.2795 → saved to checkpoints/phase64/p64_stage1/best_scene_prior.pt
  epoch 11/60  step 6/30  loss=13.0371
  epoch 11/60  step 12/30  loss=11.7777
  epoch 11/60  step 18/30  loss=12.8281
  epoch 11/60  step 24/30  loss=15.0231
  epoch 11/60  step 30/30  loss=14.0201
[epoch 11] loss=13.3358  vis_iou_e0=0.3753  vis_iou_e1=0.2951
  epoch 12/60  step 6/30  loss=13.3740
  epoch 12/60  step 12/30  loss=12.1588
  epoch 12/60  step 18/30  loss=11.6912
  epoch 12/60  step 24/30  loss=11.8661
  epoch 12/60  step 30/30  loss=12.8249
[epoch 12] loss=12.2824  vis_iou_e0=0.3573  vis_iou_e1=0.3168
  epoch 13/60  step 6/30  loss=11.5845
  epoch 13/60  step 12/30  loss=11.3348
  epoch 13/60  step 18/30  loss=12.7652
  epoch 13/60  step 24/30  loss=11.7883
  epoch 13/60  step 30/30  loss=11.1193
[epoch 13] loss=11.7630  vis_iou_e0=0.3239  vis_iou_e1=0.3122
  epoch 14/60  step 6/30  loss=13.1807
  epoch 14/60  step 12/30  loss=11.9649
  epoch 14/60  step 18/30  loss=13.4179
  epoch 14/60  step 24/30  loss=14.5379
  epoch 14/60  step 30/30  loss=12.3843
[epoch 14] loss=13.0736  vis_iou_e0=0.3632  vis_iou_e1=0.2465
  epoch 15/60  step 6/30  loss=12.8868
  epoch 15/60  step 12/30  loss=12.5872
  epoch 15/60  step 18/30  loss=13.4329
  epoch 15/60  step 24/30  loss=12.1515
  epoch 15/60  step 30/30  loss=13.0539
[epoch 15] loss=12.5294  vis_iou_e0=0.3604  vis_iou_e1=0.3183
  [val epoch 15] vis_iou_min=0.3039  amo_iou_min=0.3031  surv_min=0.7143
  [val] New best vis_iou_min=0.3039 → saved to checkpoints/phase64/p64_stage1/best_scene_prior.pt
  epoch 16/60  step 6/30  loss=8.3744
  epoch 16/60  step 12/30  loss=12.4422
  epoch 16/60  step 18/30  loss=12.2559
  epoch 16/60  step 24/30  loss=11.9699
  epoch 16/60  step 30/30  loss=11.7408
[epoch 16] loss=11.5225  vis_iou_e0=0.3853  vis_iou_e1=0.2846
  epoch 17/60  step 6/30  loss=11.7759
  epoch 17/60  step 12/30  loss=11.5344
  epoch 17/60  step 18/30  loss=11.8211
  epoch 17/60  step 24/30  loss=12.1669
  epoch 17/60  step 30/30  loss=11.6675
[epoch 17] loss=12.0020  vis_iou_e0=0.3911  vis_iou_e1=0.3108
  epoch 18/60  step 6/30  loss=12.2401
  epoch 18/60  step 12/30  loss=12.0656
  epoch 18/60  step 18/30  loss=11.0143
  epoch 18/60  step 24/30  loss=10.0039
  epoch 18/60  step 30/30  loss=11.2784
[epoch 18] loss=11.8042  vis_iou_e0=0.3163  vis_iou_e1=0.2645
  epoch 19/60  step 6/30  loss=12.8253
  epoch 19/60  step 12/30  loss=11.8459
  epoch 19/60  step 18/30  loss=12.1409
  epoch 19/60  step 24/30  loss=12.2476
  epoch 19/60  step 30/30  loss=11.4540
[epoch 19] loss=11.8658  vis_iou_e0=0.3612  vis_iou_e1=0.3416
  epoch 20/60  step 6/30  loss=14.5799
  epoch 20/60  step 12/30  loss=11.1463
  epoch 20/60  step 18/30  loss=9.8565
  epoch 20/60  step 24/30  loss=10.0036
  epoch 20/60  step 30/30  loss=11.8421
[epoch 20] loss=11.6224  vis_iou_e0=0.3834  vis_iou_e1=0.2661
  [val epoch 20] vis_iou_min=0.3377  amo_iou_min=0.3373  surv_min=0.7429
  [val] New best vis_iou_min=0.3377 → saved to checkpoints/phase64/p64_stage1/best_scene_prior.pt
  epoch 21/60  step 6/30  loss=13.9680
  epoch 21/60  step 12/30  loss=12.4429
  epoch 21/60  step 18/30  loss=12.8888
  epoch 21/60  step 24/30  loss=11.4288
  epoch 21/60  step 30/30  loss=10.9697
[epoch 21] loss=12.0494  vis_iou_e0=0.3774  vis_iou_e1=0.3326
  epoch 22/60  step 6/30  loss=11.7332
  epoch 22/60  step 12/30  loss=12.7023
  epoch 22/60  step 18/30  loss=11.2009
  epoch 22/60  step 24/30  loss=8.8366
  epoch 22/60  step 30/30  loss=10.4537
[epoch 22] loss=11.1172  vis_iou_e0=0.3478  vis_iou_e1=0.2948
  epoch 23/60  step 6/30  loss=9.9110
  epoch 23/60  step 12/30  loss=11.3192
  epoch 23/60  step 18/30  loss=12.6571
  epoch 23/60  step 24/30  loss=14.1019
  epoch 23/60  step 30/30  loss=11.3136
[epoch 23] loss=11.6393  vis_iou_e0=0.3366  vis_iou_e1=0.2595
  epoch 24/60  step 6/30  loss=11.5607
  epoch 24/60  step 12/30  loss=13.0062
  epoch 24/60  step 18/30  loss=13.6872
  epoch 24/60  step 24/30  loss=12.6220
  epoch 24/60  step 30/30  loss=11.8669
[epoch 24] loss=12.4645  vis_iou_e0=0.3508  vis_iou_e1=0.3723
  epoch 25/60  step 6/30  loss=12.6914
  epoch 25/60  step 12/30  loss=12.4381
  epoch 25/60  step 18/30  loss=12.4490
  epoch 25/60  step 24/30  loss=13.4783
  epoch 25/60  step 30/30  loss=13.2945
[epoch 25] loss=12.9840  vis_iou_e0=0.4268  vis_iou_e1=0.3392
  [val epoch 25] vis_iou_min=0.3421  amo_iou_min=0.3292  surv_min=0.7143
  [val] New best vis_iou_min=0.3421 → saved to checkpoints/phase64/p64_stage1/best_scene_prior.pt
  epoch 26/60  step 6/30  loss=10.5980
  epoch 26/60  step 12/30  loss=11.4725
  epoch 26/60  step 18/30  loss=15.3126
  epoch 26/60  step 24/30  loss=14.5874
  epoch 26/60  step 30/30  loss=11.5058
[epoch 26] loss=12.7107  vis_iou_e0=0.3666  vis_iou_e1=0.3203
  epoch 27/60  step 6/30  loss=11.0845
  epoch 27/60  step 12/30  loss=11.0177
  epoch 27/60  step 18/30  loss=12.5671
  epoch 27/60  step 24/30  loss=12.1012
  epoch 27/60  step 30/30  loss=12.6387
[epoch 27] loss=11.9665  vis_iou_e0=0.4119  vis_iou_e1=0.3586
  epoch 28/60  step 6/30  loss=12.2409
  epoch 28/60  step 12/30  loss=11.0335
  epoch 28/60  step 18/30  loss=11.1276
  epoch 28/60  step 24/30  loss=12.1840
  epoch 28/60  step 30/30  loss=11.7200
[epoch 28] loss=11.5557  vis_iou_e0=0.4221  vis_iou_e1=0.3466
  epoch 29/60  step 6/30  loss=11.6415
  epoch 29/60  step 12/30  loss=12.2708
  epoch 29/60  step 18/30  loss=11.3246
  epoch 29/60  step 24/30  loss=10.5041
  epoch 29/60  step 30/30  loss=10.2017
[epoch 29] loss=11.1574  vis_iou_e0=0.3423  vis_iou_e1=0.3167
  epoch 30/60  step 6/30  loss=10.4098
  epoch 30/60  step 12/30  loss=10.9402
  epoch 30/60  step 18/30  loss=11.1520
  epoch 30/60  step 24/30  loss=12.1551
  epoch 30/60  step 30/30  loss=12.5179
[epoch 30] loss=11.6245  vis_iou_e0=0.3493  vis_iou_e1=0.3167
  [val epoch 30] vis_iou_min=0.3554  amo_iou_min=0.3553  surv_min=0.7429
  [val] New best vis_iou_min=0.3554 → saved to checkpoints/phase64/p64_stage1/best_scene_prior.pt
  epoch 31/60  step 6/30  loss=10.6807
  epoch 31/60  step 12/30  loss=12.2240
  epoch 31/60  step 18/30  loss=10.5638
  epoch 31/60  step 24/30  loss=12.2867
  epoch 31/60  step 30/30  loss=10.9823
[epoch 31] loss=11.0924  vis_iou_e0=0.3945  vis_iou_e1=0.3643
  epoch 32/60  step 6/30  loss=10.3527
  epoch 32/60  step 12/30  loss=10.5389
  epoch 32/60  step 18/30  loss=11.7254
  epoch 32/60  step 24/30  loss=11.8413
  epoch 32/60  step 30/30  loss=11.3174
[epoch 32] loss=11.3871  vis_iou_e0=0.3759  vis_iou_e1=0.3830
  epoch 33/60  step 6/30  loss=10.7157
  epoch 33/60  step 12/30  loss=11.3316
  epoch 33/60  step 18/30  loss=10.1710
  epoch 33/60  step 24/30  loss=9.3775
  epoch 33/60  step 30/30  loss=10.1171
[epoch 33] loss=10.3480  vis_iou_e0=0.3790  vis_iou_e1=0.3258
  epoch 34/60  step 6/30  loss=10.7872
  epoch 34/60  step 12/30  loss=10.8141
  epoch 34/60  step 18/30  loss=10.8710
  epoch 34/60  step 24/30  loss=10.3941
  epoch 34/60  step 30/30  loss=9.6659
[epoch 34] loss=10.5118  vis_iou_e0=0.3705  vis_iou_e1=0.3339
  epoch 35/60  step 6/30  loss=10.3428
  epoch 35/60  step 12/30  loss=11.0819
  epoch 35/60  step 18/30  loss=11.6322
  epoch 35/60  step 24/30  loss=10.5475
  epoch 35/60  step 30/30  loss=11.9996
[epoch 35] loss=11.2304  vis_iou_e0=0.3770  vis_iou_e1=0.3659
  [val epoch 35] vis_iou_min=0.3536  amo_iou_min=0.3272  surv_min=0.7429
  epoch 36/60  step 6/30  loss=11.5945
  epoch 36/60  step 12/30  loss=11.1106
  epoch 36/60  step 18/30  loss=12.6499
  epoch 36/60  step 24/30  loss=13.3800
  epoch 36/60  step 30/30  loss=11.7008
[epoch 36] loss=11.7907  vis_iou_e0=0.3828  vis_iou_e1=0.2952
  epoch 37/60  step 6/30  loss=11.5673
  epoch 37/60  step 12/30  loss=11.5969
  epoch 37/60  step 18/30  loss=9.9960
  epoch 37/60  step 24/30  loss=10.3801
  epoch 37/60  step 30/30  loss=12.6490
[epoch 37] loss=11.0920  vis_iou_e0=0.3964  vis_iou_e1=0.3074
  epoch 38/60  step 6/30  loss=10.9865
  epoch 38/60  step 12/30  loss=12.3387
  epoch 38/60  step 18/30  loss=11.1708
  epoch 38/60  step 24/30  loss=11.6381
  epoch 38/60  step 30/30  loss=12.0541
[epoch 38] loss=12.0162  vis_iou_e0=0.3979  vis_iou_e1=0.2836
  epoch 39/60  step 6/30  loss=11.8962
  epoch 39/60  step 12/30  loss=10.9610
  epoch 39/60  step 18/30  loss=9.7430
  epoch 39/60  step 24/30  loss=10.5406
  epoch 39/60  step 30/30  loss=11.3659
[epoch 39] loss=10.6951  vis_iou_e0=0.4345  vis_iou_e1=0.3312
  epoch 40/60  step 6/30  loss=11.9129
  epoch 40/60  step 12/30  loss=11.2519
  epoch 40/60  step 18/30  loss=9.9683
  epoch 40/60  step 24/30  loss=12.4422
  epoch 40/60  step 30/30  loss=10.2475
[epoch 40] loss=10.8174  vis_iou_e0=0.3750  vis_iou_e1=0.3199
  [val epoch 40] vis_iou_min=0.3494  amo_iou_min=0.3458  surv_min=0.6571
  epoch 41/60  step 6/30  loss=12.0734
  epoch 41/60  step 12/30  loss=12.0026
  epoch 41/60  step 18/30  loss=11.3251
  epoch 41/60  step 24/30  loss=10.8241
  epoch 41/60  step 30/30  loss=10.8974
[epoch 41] loss=11.3052  vis_iou_e0=0.4227  vis_iou_e1=0.3171
  epoch 42/60  step 6/30  loss=10.9179
  epoch 42/60  step 12/30  loss=11.9732
  epoch 42/60  step 18/30  loss=10.4626
  epoch 42/60  step 24/30  loss=10.2627
  epoch 42/60  step 30/30  loss=10.9406
[epoch 42] loss=10.8265  vis_iou_e0=0.3559  vis_iou_e1=0.2490
  epoch 43/60  step 6/30  loss=14.3207
  epoch 43/60  step 12/30  loss=13.2180
  epoch 43/60  step 18/30  loss=11.1879
  epoch 43/60  step 24/30  loss=9.5523
  epoch 43/60  step 30/30  loss=10.6236
[epoch 43] loss=11.8161  vis_iou_e0=0.3532  vis_iou_e1=0.3418
  epoch 44/60  step 6/30  loss=11.5339
  epoch 44/60  step 12/30  loss=11.8220
  epoch 44/60  step 18/30  loss=10.6601
  epoch 44/60  step 24/30  loss=9.7357
  epoch 44/60  step 30/30  loss=10.5035
[epoch 44] loss=11.0954  vis_iou_e0=0.3879  vis_iou_e1=0.3062
  epoch 45/60  step 6/30  loss=9.7809
  epoch 45/60  step 12/30  loss=10.5793
  epoch 45/60  step 18/30  loss=11.0823
  epoch 45/60  step 24/30  loss=11.3898
  epoch 45/60  step 30/30  loss=12.0136
[epoch 45] loss=11.2564  vis_iou_e0=0.4055  vis_iou_e1=0.3232
  [val epoch 45] vis_iou_min=0.3578  amo_iou_min=0.3580  surv_min=0.7143
  [val] New best vis_iou_min=0.3578 → saved to checkpoints/phase64/p64_stage1/best_scene_prior.pt
  epoch 46/60  step 6/30  loss=11.9893
  epoch 46/60  step 12/30  loss=9.2926
  epoch 46/60  step 18/30  loss=9.4281
  epoch 46/60  step 24/30  loss=10.3101
  epoch 46/60  step 30/30  loss=10.3641
[epoch 46] loss=10.3071  vis_iou_e0=0.3975  vis_iou_e1=0.3890
  epoch 47/60  step 6/30  loss=11.9578
  epoch 47/60  step 12/30  loss=11.6052
  epoch 47/60  step 18/30  loss=11.3034
  epoch 47/60  step 24/30  loss=10.1789
  epoch 47/60  step 30/30  loss=10.1139
[epoch 47] loss=10.6191  vis_iou_e0=0.3845  vis_iou_e1=0.2740
  epoch 48/60  step 6/30  loss=9.1885
  epoch 48/60  step 12/30  loss=9.9582
  epoch 48/60  step 18/30  loss=10.4966
  epoch 48/60  step 24/30  loss=9.1970
  epoch 48/60  step 30/30  loss=10.6687
[epoch 48] loss=10.5559  vis_iou_e0=0.3913  vis_iou_e1=0.2905
  epoch 49/60  step 6/30  loss=10.4387
  epoch 49/60  step 12/30  loss=10.3358
  epoch 49/60  step 18/30  loss=11.3501
  epoch 49/60  step 24/30  loss=10.0533
  epoch 49/60  step 30/30  loss=9.1349
[epoch 49] loss=10.2654  vis_iou_e0=0.3436  vis_iou_e1=0.3536
  epoch 50/60  step 6/30  loss=11.0133
  epoch 50/60  step 12/30  loss=12.0097
  epoch 50/60  step 18/30  loss=10.3590
  epoch 50/60  step 24/30  loss=10.0832
  epoch 50/60  step 30/30  loss=10.9253
[epoch 50] loss=11.0864  vis_iou_e0=0.3832  vis_iou_e1=0.3473
  [val epoch 50] vis_iou_min=0.3735  amo_iou_min=0.3445  surv_min=0.7429
  [val] New best vis_iou_min=0.3735 → saved to checkpoints/phase64/p64_stage1/best_scene_prior.pt
  epoch 51/60  step 6/30  loss=10.9651
  epoch 51/60  step 12/30  loss=11.6056
  epoch 51/60  step 18/30  loss=13.0117
  epoch 51/60  step 24/30  loss=12.8098
  epoch 51/60  step 30/30  loss=11.8596
[epoch 51] loss=12.2135  vis_iou_e0=0.4209  vis_iou_e1=0.4094
  epoch 52/60  step 6/30  loss=12.5573
  epoch 52/60  step 12/30  loss=11.3483
  epoch 52/60  step 18/30  loss=11.7115
  epoch 52/60  step 24/30  loss=10.2512
  epoch 52/60  step 30/30  loss=10.0194
[epoch 52] loss=10.7561  vis_iou_e0=0.3943  vis_iou_e1=0.3538
  epoch 53/60  step 6/30  loss=11.1554
  epoch 53/60  step 12/30  loss=11.3788
  epoch 53/60  step 18/30  loss=11.8534
  epoch 53/60  step 24/30  loss=12.4678
  epoch 53/60  step 30/30  loss=12.2502
[epoch 53] loss=11.5614  vis_iou_e0=0.3254  vis_iou_e1=0.3090
  epoch 54/60  step 6/30  loss=12.1344
  epoch 54/60  step 12/30  loss=10.6004
  epoch 54/60  step 18/30  loss=10.7257
  epoch 54/60  step 24/30  loss=11.4540
  epoch 54/60  step 30/30  loss=11.2380
[epoch 54] loss=11.3446  vis_iou_e0=0.3819  vis_iou_e1=0.2712
  epoch 55/60  step 6/30  loss=9.9629
  epoch 55/60  step 12/30  loss=10.3693
  epoch 55/60  step 18/30  loss=11.3881
  epoch 55/60  step 24/30  loss=10.7416
  epoch 55/60  step 30/30  loss=10.2595
[epoch 55] loss=10.4231  vis_iou_e0=0.4222  vis_iou_e1=0.2672
  [val epoch 55] vis_iou_min=0.3559  amo_iou_min=0.3552  surv_min=0.7429
  epoch 56/60  step 6/30  loss=7.9410
  epoch 56/60  step 12/30  loss=11.1013
  epoch 56/60  step 18/30  loss=12.4375
  epoch 56/60  step 24/30  loss=10.3945
  epoch 56/60  step 30/30  loss=9.8503
[epoch 56] loss=10.2224  vis_iou_e0=0.3562  vis_iou_e1=0.2746
  epoch 57/60  step 6/30  loss=11.5861
  epoch 57/60  step 12/30  loss=11.8830
  epoch 57/60  step 18/30  loss=11.3218
  epoch 57/60  step 24/30  loss=11.0409
  epoch 57/60  step 30/30  loss=10.1923
[epoch 57] loss=11.3623  vis_iou_e0=0.3595  vis_iou_e1=0.4237
  epoch 58/60  step 6/30  loss=8.4023
  epoch 58/60  step 12/30  loss=8.5992
  epoch 58/60  step 18/30  loss=8.8132
  epoch 58/60  step 24/30  loss=10.5670
  epoch 58/60  step 30/30  loss=10.8648
[epoch 58] loss=9.7489  vis_iou_e0=0.3569  vis_iou_e1=0.2814
  epoch 59/60  step 6/30  loss=10.0232
  epoch 59/60  step 12/30  loss=10.4049
  epoch 59/60  step 18/30  loss=12.9275
  epoch 59/60  step 24/30  loss=12.5616
  epoch 59/60  step 30/30  loss=10.9562
[epoch 59] loss=11.3869  vis_iou_e0=0.4326  vis_iou_e1=0.3519
  epoch 60/60  step 6/30  loss=12.5975
  epoch 60/60  step 12/30  loss=10.4727
  epoch 60/60  step 18/30  loss=11.3589
  epoch 60/60  step 24/30  loss=10.7172
  epoch 60/60  step 30/30  loss=11.0299
[epoch 60] loss=11.1866  vis_iou_e0=0.3692  vis_iou_e1=0.3056
  [val epoch 60] vis_iou_min=0.3631  amo_iou_min=0.3461  surv_min=0.6857
[stage1] Training complete.  Best vis_iou_min=0.3735
[stage1] Logs saved to checkpoints/phase64/p64_stage1
/usr/bin/bash: /home/dongwoo44/miniconda3/lib/libtinfo.so.6: no version information available (required by /usr/bin/bash)
