/usr/bin/bash: /home/dongwoo44/miniconda3/lib/libtinfo.so.6: no version information available (required by /usr/bin/bash)
[Phase 64 Decoder] device=cuda  seed=42
[Phase 64 Decoder] Stage 1 ckpt: checkpoints/phase64/p64_stage1/best_scene_prior.pt
[Phase 64 Decoder] Loading dataset from toy/data_objaverse...
ObjaverseTrainDataset: 180 samples (data_root=toy/data_objaverse)
  dataset size: 180
  train=145  val=35

[Phase 64 Decoder] Building Stage2Trainer...
[stage2] Loaded scene prior from checkpoints/phase64/p64_stage1/best_scene_prior.pt
[Phase 64 Decoder] Starting decoder from scratch.
[stage2] Training decoder  epochs=30  steps/epoch=30  n_train=145
[epoch 1] total=0.6045  rec=0.6045
[epoch 2] total=0.4025  rec=0.4009
[epoch 3] total=0.1409  rec=0.1070
[epoch 4] total=0.0840  rec=0.0398
[epoch 5] total=0.0697  rec=0.0261
  [val epoch 5] PSNR=24.44 dB  L1=0.0204
  [val] New best PSNR=24.44 dB → saved to checkpoints/phase64/p64_stage2/best_decoder.pt
[epoch 6] total=0.0473  rec=0.0220
[epoch 7] total=0.0430  rec=0.0178
[epoch 8] total=0.0457  rec=0.0168
[epoch 9] total=0.0436  rec=0.0177
[epoch 10] total=0.0432  rec=0.0172
  [val epoch 10] PSNR=26.04 dB  L1=0.0169
  [val] New best PSNR=26.04 dB → saved to checkpoints/phase64/p64_stage2/best_decoder.pt
[epoch 11] total=0.0468  rec=0.0193
[epoch 12] total=0.0413  rec=0.0162
[epoch 13] total=0.0434  rec=0.0187
[epoch 14] total=0.0360  rec=0.0146
[epoch 15] total=0.0429  rec=0.0169
  [val epoch 15] PSNR=26.70 dB  L1=0.0152
  [val] New best PSNR=26.70 dB → saved to checkpoints/phase64/p64_stage2/best_decoder.pt
[epoch 16] total=0.0416  rec=0.0169
[epoch 17] total=0.0431  rec=0.0187
[epoch 18] total=0.0396  rec=0.0161
[epoch 19] total=0.0399  rec=0.0164
[epoch 20] total=0.0421  rec=0.0178
  [val epoch 20] PSNR=26.98 dB  L1=0.0139
  [val] New best PSNR=26.98 dB → saved to checkpoints/phase64/p64_stage2/best_decoder.pt
[epoch 21] total=0.0361  rec=0.0144
[epoch 22] total=0.0291  rec=0.0187
[epoch 23] total=0.0202  rec=0.0168
[epoch 24] total=0.0218  rec=0.0178
[epoch 25] total=0.0191  rec=0.0164
  [val epoch 25] PSNR=27.44 dB  L1=0.0146
  [val] New best PSNR=27.44 dB → saved to checkpoints/phase64/p64_stage2/best_decoder.pt
[epoch 26] total=0.0172  rec=0.0143
[epoch 27] total=0.0177  rec=0.0151
[epoch 28] total=0.0189  rec=0.0175
[epoch 29] total=0.0165  rec=0.0141
[epoch 30] total=0.0170  rec=0.0142
  [val epoch 30] PSNR=29.38 dB  L1=0.0117
  [val] New best PSNR=29.38 dB → saved to checkpoints/phase64/p64_stage2/best_decoder.pt
[stage2] Complete.  Best PSNR=29.38 dB
[stage2] Logs → checkpoints/phase64/p64_stage2
[stage2] Decoder PSNR 29.38 ≥ 18.0 — OK to proceed to Stage 3.
