/home/dongwoo44/papers/raymarching/data/phase62/volume_gt_builder.py:53: PyVistaDeprecationWarning: This function is deprecated and will be removed in future version of PyVista. Use vtk with osmesa instead.
  pv.start_xvfb()
[occ vol_gt] Processing 56 scenes in toy/data_objaverse_occ
  [ok] cat_cat_layered_front  mode=occ_layered  front=e0  shape=(16, 8, 16, 16)
  [ok] cat_cat_layered_front_left  mode=occ_layered  front=e0  shape=(16, 8, 16, 16)
  [ok] cat_cat_layered_front_right  mode=occ_layered  front=e0  shape=(16, 8, 16, 16)
  [ok] cat_cat_layered_top  mode=occ_layered  front=e1  shape=(16, 8, 16, 16)
  [ok] cat_dog_layered_front  mode=occ_layered  front=e0  shape=(16, 8, 16, 16)
  [ok] cat_dog_layered_front_left  mode=occ_layered  front=e0  shape=(16, 8, 16, 16)
  [ok] cat_dog_layered_front_right  mode=occ_layered  front=e0  shape=(16, 8, 16, 16)
  [ok] cat_dog_layered_top  mode=occ_layered  front=e0  shape=(16, 8, 16, 16)
  [ok] cat_snake_layered_front  mode=occ_layered  front=e0  shape=(16, 8, 16, 16)
  [ok] cat_snake_layered_front_left  mode=occ_layered  front=e0  shape=(16, 8, 16, 16)
  [ok] cat_snake_layered_front_right  mode=occ_layered  front=e0  shape=(16, 8, 16, 16)
  [ok] cat_snake_layered_top  mode=occ_layered  front=e0  shape=(16, 8, 16, 16)
  [ok] cat_sword_layered_front  mode=occ_layered  front=e0  shape=(16, 8, 16, 16)
  [ok] cat_sword_layered_front_left  mode=occ_layered  front=e0  shape=(16, 8, 16, 16)
  [ok] cat_sword_layered_front_right  mode=occ_layered  front=e0  shape=(16, 8, 16, 16)
  [ok] cat_sword_layered_top  mode=occ_layered  front=e0  shape=(16, 8, 16, 16)
  [ok] dog_sword_layered_front  mode=occ_layered  front=e0  shape=(16, 8, 16, 16)
  [ok] dog_sword_layered_front_left  mode=occ_layered  front=e0  shape=(16, 8, 16, 16)
  [ok] dog_sword_layered_front_right  mode=occ_layered  front=e0  shape=(16, 8, 16, 16)
  [ok] dog_sword_layered_top  mode=occ_layered  front=e0  shape=(16, 8, 16, 16)
  [ok] lion_bear_layered_front  mode=occ_layered  front=e0  shape=(16, 8, 16, 16)
  [ok] lion_bear_layered_front_left  mode=occ_layered  front=e0  shape=(16, 8, 16, 16)
  [ok] lion_bear_layered_front_right  mode=occ_layered  front=e0  shape=(16, 8, 16, 16)
  [ok] lion_bear_layered_top  mode=occ_layered  front=e0  shape=(16, 8, 16, 16)
  [ok] lion_sword_layered_front  mode=occ_layered  front=e0  shape=(16, 8, 16, 16)
  [ok] lion_sword_layered_front_left  mode=occ_layered  front=e0  shape=(16, 8, 16, 16)
  [ok] lion_sword_layered_front_right  mode=occ_layered  front=e0  shape=(16, 8, 16, 16)
  [ok] lion_sword_layered_top  mode=occ_layered  front=e0  shape=(16, 8, 16, 16)
  [ok] person_person_layered_front  mode=occ_layered  front=e0  shape=(16, 8, 16, 16)
  [ok] person_person_layered_front_left  mode=occ_layered  front=e0  shape=(16, 8, 16, 16)
  [ok] person_person_layered_front_right  mode=occ_layered  front=e0  shape=(16, 8, 16, 16)
  [ok] person_person_layered_top  mode=occ_layered  front=e0  shape=(16, 8, 16, 16)
  [ok] person_snake_layered_front  mode=occ_layered  front=e0  shape=(16, 8, 16, 16)
  [ok] person_snake_layered_front_left  mode=occ_layered  front=e0  shape=(16, 8, 16, 16)
  [ok] person_snake_layered_front_right  mode=occ_layered  front=e0  shape=(16, 8, 16, 16)
  [ok] person_snake_layered_top  mode=occ_layered  front=e0  shape=(16, 8, 16, 16)
  [ok] snake_alligator_layered_front  mode=occ_layered  front=e0  shape=(16, 8, 16, 16)
  [ok] snake_alligator_layered_front_left  mode=occ_layered  front=e0  shape=(16, 8, 16, 16)
  [ok] snake_alligator_layered_front_right  mode=occ_layered  front=e0  shape=(16, 8, 16, 16)
  [ok] snake_alligator_layered_top  mode=occ_layered  front=e0  shape=(16, 8, 16, 16)
  [ok] snake_sword_layered_front  mode=occ_layered  front=e0  shape=(16, 8, 16, 16)
  [ok] snake_sword_layered_front_left  mode=occ_layered  front=e0  shape=(16, 8, 16, 16)
  [ok] snake_sword_layered_front_right  mode=occ_layered  front=e0  shape=(16, 8, 16, 16)
  [ok] snake_sword_layered_top  mode=occ_layered  front=e0  shape=(16, 8, 16, 16)
  [ok] sword_sword_layered_front  mode=occ_layered  front=e0  shape=(16, 8, 16, 16)
  [ok] sword_sword_layered_front_left  mode=occ_layered  front=e0  shape=(16, 8, 16, 16)
  [ok] sword_sword_layered_front_right  mode=occ_layered  front=e0  shape=(16, 8, 16, 16)
  [ok] sword_sword_layered_top  mode=occ_layered  front=e0  shape=(16, 8, 16, 16)
  [ok] tiger_wolf_layered_front  mode=occ_layered  front=e0  shape=(16, 8, 16, 16)
  [ok] tiger_wolf_layered_front_left  mode=occ_layered  front=e0  shape=(16, 8, 16, 16)
  [ok] tiger_wolf_layered_front_right  mode=occ_layered  front=e0  shape=(16, 8, 16, 16)
  [ok] tiger_wolf_layered_top  mode=occ_layered  front=e0  shape=(16, 8, 16, 16)
  [ok] wolf_dog_layered_front  mode=occ_layered  front=e0  shape=(16, 8, 16, 16)
  [ok] wolf_dog_layered_front_left  mode=occ_layered  front=e0  shape=(16, 8, 16, 16)
  [ok] wolf_dog_layered_front_right  mode=occ_layered  front=e0  shape=(16, 8, 16, 16)
  [ok] wolf_dog_layered_top  mode=occ_layered  front=e0  shape=(16, 8, 16, 16)

[done] ok=56  skip=0  fail=0
